# JRE version: OpenJDK Runtime Environment Temurin-21.0.8+9 (21.0.8+9) (build 21.0.8+9-LTS)
# Java VM: OpenJDK 64-Bit Server VM Temurin-21.0.8+9 (21.0.8+9-LTS, mixed mode, sharing, tiered, compressed oops, compressed class ptrs, parallel gc, windows-amd64)
GC Precious Log:
 CardTable entry size: 512
 CPUs: 12 total, 12 available
 Memory: 16230M
 Large Page Support: Disabled
 NUMA Support: Disabled
 Compressed Oops: Enabled (32-bit)
 Alignments: Space 512K, Generation 512K, Heap 2M
 Heap Min Capacity: 100M
 Heap Initial Capacity: 100M
 Heap Max Capacity: 2G
 Pre-touch: Disabled
 Parallel Workers: 10
Heap:
 PSYoungGen      total 14336K, used 14323K [0x00000000d5580000, 0x00000000d7680000, 0x0000000100000000)
  eden space 8192K, 99% used [0x00000000d5580000,0x00000000d5d7ffc0,0x00000000d5d80000)
  from space 6144K, 99% used [0x00000000d5f00000,0x00000000d64fce88,0x00000000d6500000)
  to   space 12800K, 42% used [0x00000000d6a00000,0x00000000d6f5db50,0x00000000d7680000)
 ParOldGen       total 376320K, used 376319K [0x0000000080000000, 0x0000000096f80000, 0x00000000d5580000)
  object space 376320K, 99% used [0x0000000080000000,0x0000000096f7ff58,0x0000000096f80000)
 Metaspace       used 65928K, committed 67328K, reserved 1114112K
  class space    used 7483K, committed 8128K, reserved 1048576K
GC Heap History (20 events):
Event: 37.065 GC heap after
{Heap after GC invocations=166 (full 3):
 PSYoungGen      total 14336K, used 1018K [0x00000000d5580000, 0x00000000d7000000, 0x0000000100000000)
  eden space 13312K, 0% used [0x00000000d5580000,0x00000000d5580000,0x00000000d6280000)
  from space 1024K, 99% used [0x00000000d6280000,0x00000000d637eb28,0x00000000d6380000)
  to   space 6144K, 0% used [0x00000000d6a00000,0x00000000d6a00000,0x00000000d7000000)
 ParOldGen       total 331264K, used 331024K [0x0000000080000000, 0x0000000094380000, 0x00000000d5580000)
  object space 331264K, 99% used [0x0000000080000000,0x0000000094344228,0x0000000094380000)
 Metaspace       used 61622K, committed 62912K, reserved 1114112K
  class space    used 6751K, committed 7296K, reserved 1048576K
}
Event: 37.170 GC heap before
{Heap before GC invocations=167 (full 3):
 PSYoungGen      total 14336K, used 14330K [0x00000000d5580000, 0x00000000d7000000, 0x0000000100000000)
  eden space 13312K, 100% used [0x00000000d5580000,0x00000000d6280000,0x00000000d6280000)
  from space 1024K, 99% used [0x00000000d6280000,0x00000000d637eb28,0x00000000d6380000)
  to   space 6144K, 0% used [0x00000000d6a00000,0x00000000d6a00000,0x00000000d7000000)
 ParOldGen       total 331264K, used 331024K [0x0000000080000000, 0x0000000094380000, 0x00000000d5580000)
  object space 331264K, 99% used [0x0000000080000000,0x0000000094344228,0x0000000094380000)
 Metaspace       used 61856K, committed 63104K, reserved 1114112K
  class space    used 6817K, committed 7360K, reserved 1048576K
}
Event: 37.175 GC heap after
{Heap after GC invocations=167 (full 3):
 PSYoungGen      total 19456K, used 5877K [0x00000000d5580000, 0x00000000d7000000, 0x0000000100000000)
  eden space 13312K, 0% used [0x00000000d5580000,0x00000000d5580000,0x00000000d6280000)
  from space 6144K, 95% used [0x00000000d6a00000,0x00000000d6fbd7d0,0x00000000d7000000)
  to   space 6656K, 0% used [0x00000000d6300000,0x00000000d6300000,0x00000000d6980000)
 ParOldGen       total 332288K, used 331939K [0x0000000080000000, 0x0000000094480000, 0x00000000d5580000)
  object space 332288K, 99% used [0x0000000080000000,0x0000000094428c40,0x0000000094480000)
 Metaspace       used 61856K, committed 63104K, reserved 1114112K
  class space    used 6817K, committed 7360K, reserved 1048576K
}
Event: 37.290 GC heap before
{Heap before GC invocations=168 (full 3):
 PSYoungGen      total 19456K, used 19189K [0x00000000d5580000, 0x00000000d7000000, 0x0000000100000000)
  eden space 13312K, 100% used [0x00000000d5580000,0x00000000d6280000,0x00000000d6280000)
  from space 6144K, 95% used [0x00000000d6a00000,0x00000000d6fbd7d0,0x00000000d7000000)
  to   space 6656K, 0% used [0x00000000d6300000,0x00000000d6300000,0x00000000d6980000)
 ParOldGen       total 332288K, used 331939K [0x0000000080000000, 0x0000000094480000, 0x00000000d5580000)
  object space 332288K, 99% used [0x0000000080000000,0x0000000094428c40,0x0000000094480000)
 Metaspace       used 62388K, committed 63680K, reserved 1114112K
  class space    used 6920K, committed 7488K, reserved 1048576K
}
Event: 37.296 GC heap after
{Heap after GC invocations=168 (full 3):
 PSYoungGen      total 19968K, used 6645K [0x00000000d5580000, 0x00000000d7a80000, 0x0000000100000000)
  eden space 13312K, 0% used [0x00000000d5580000,0x00000000d5580000,0x00000000d6280000)
  from space 6656K, 99% used [0x00000000d6300000,0x00000000d697d608,0x00000000d6980000)
  to   space 12288K, 0% used [0x00000000d6e80000,0x00000000d6e80000,0x00000000d7a80000)
 ParOldGen       total 336384K, used 336282K [0x0000000080000000, 0x0000000094880000, 0x00000000d5580000)
  object space 336384K, 99% used [0x0000000080000000,0x0000000094866ba8,0x0000000094880000)
 Metaspace       used 62388K, committed 63680K, reserved 1114112K
  class space    used 6920K, committed 7488K, reserved 1048576K
}
Event: 37.375 GC heap before
{Heap before GC invocations=169 (full 3):
 PSYoungGen      total 19968K, used 19929K [0x00000000d5580000, 0x00000000d7a80000, 0x0000000100000000)
  eden space 13312K, 99% used [0x00000000d5580000,0x00000000d62791b8,0x00000000d6280000)
  from space 6656K, 99% used [0x00000000d6300000,0x00000000d697d608,0x00000000d6980000)
  to   space 12288K, 0% used [0x00000000d6e80000,0x00000000d6e80000,0x00000000d7a80000)
 ParOldGen       total 336384K, used 336282K [0x0000000080000000, 0x0000000094880000, 0x00000000d5580000)
  object space 336384K, 99% used [0x0000000080000000,0x0000000094866ba8,0x0000000094880000)
 Metaspace       used 63036K, committed 64384K, reserved 1114112K
  class space    used 7040K, committed 7616K, reserved 1048576K
}
Event: 37.381 GC heap after
{Heap after GC invocations=169 (full 3):
 PSYoungGen      total 20992K, used 7411K [0x00000000d5580000, 0x00000000d7600000, 0x0000000100000000)
  eden space 13312K, 0% used [0x00000000d5580000,0x00000000d5580000,0x00000000d6280000)
  from space 7680K, 96% used [0x00000000d6e80000,0x00000000d75bcd78,0x00000000d7600000)
  to   space 8704K, 0% used [0x00000000d6500000,0x00000000d6500000,0x00000000d6d80000)
 ParOldGen       total 342016K, used 341637K [0x0000000080000000, 0x0000000094e00000, 0x00000000d5580000)
  object space 342016K, 99% used [0x0000000080000000,0x0000000094da1600,0x0000000094e00000)
 Metaspace       used 63036K, committed 64384K, reserved 1114112K
  class space    used 7040K, committed 7616K, reserved 1048576K
}
Event: 37.465 GC heap before
{Heap before GC invocations=170 (full 3):
 PSYoungGen      total 20992K, used 20723K [0x00000000d5580000, 0x00000000d7600000, 0x0000000100000000)
  eden space 13312K, 100% used [0x00000000d5580000,0x00000000d6280000,0x00000000d6280000)
  from space 7680K, 96% used [0x00000000d6e80000,0x00000000d75bcd78,0x00000000d7600000)
  to   space 8704K, 0% used [0x00000000d6500000,0x00000000d6500000,0x00000000d6d80000)
 ParOldGen       total 342016K, used 341637K [0x0000000080000000, 0x0000000094e00000, 0x00000000d5580000)
  object space 342016K, 99% used [0x0000000080000000,0x0000000094da1600,0x0000000094e00000)
 Metaspace       used 63831K, committed 65152K, reserved 1114112K
  class space    used 7165K, committed 7744K, reserved 1048576K
}
Event: 37.471 GC heap after
{Heap after GC invocations=170 (full 3):
 PSYoungGen      total 20992K, used 7670K [0x00000000d5580000, 0x00000000d7280000, 0x0000000100000000)
  eden space 13312K, 0% used [0x00000000d5580000,0x00000000d5580000,0x00000000d6280000)
  from space 7680K, 99% used [0x00000000d6500000,0x00000000d6c7db48,0x00000000d6c80000)
  to   space 6144K, 0% used [0x00000000d6c80000,0x00000000d6c80000,0x00000000d7280000)
 ParOldGen       total 349184K, used 348934K [0x0000000080000000, 0x0000000095500000, 0x00000000d5580000)
  object space 349184K, 99% used [0x0000000080000000,0x00000000954c1bb0,0x0000000095500000)
 Metaspace       used 63831K, committed 65152K, reserved 1114112K
  class space    used 7165K, committed 7744K, reserved 1048576K
}
Event: 37.546 GC heap before
{Heap before GC invocations=171 (full 3):
 PSYoungGen      total 20992K, used 20982K [0x00000000d5580000, 0x00000000d7280000, 0x0000000100000000)
  eden space 13312K, 100% used [0x00000000d5580000,0x00000000d6280000,0x00000000d6280000)
  from space 7680K, 99% used [0x00000000d6500000,0x00000000d6c7db48,0x00000000d6c80000)
  to   space 6144K, 0% used [0x00000000d6c80000,0x00000000d6c80000,0x00000000d7280000)
 ParOldGen       total 349184K, used 348934K [0x0000000080000000, 0x0000000095500000, 0x00000000d5580000)
  object space 349184K, 99% used [0x0000000080000000,0x00000000954c1bb0,0x0000000095500000)
 Metaspace       used 64554K, committed 65920K, reserved 1114112K
  class space    used 7294K, committed 7872K, reserved 1048576K
}
Event: 37.553 GC heap after
{Heap after GC invocations=171 (full 3):
 PSYoungGen      total 14336K, used 6130K [0x00000000d5580000, 0x00000000d8080000, 0x0000000100000000)
  eden space 8192K, 0% used [0x00000000d5580000,0x00000000d5580000,0x00000000d5d80000)
  from space 6144K, 99% used [0x00000000d6c80000,0x00000000d727c978,0x00000000d7280000)
  to   space 15360K, 0% used [0x00000000d5d80000,0x00000000d5d80000,0x00000000d6c80000)
 ParOldGen       total 356864K, used 356652K [0x0000000080000000, 0x0000000095c80000, 0x00000000d5580000)
  object space 356864K, 99% used [0x0000000080000000,0x0000000095c4b128,0x0000000095c80000)
 Metaspace       used 64554K, committed 65920K, reserved 1114112K
  class space    used 7294K, committed 7872K, reserved 1048576K
}
Event: 37.592 GC heap before
{Heap before GC invocations=172 (full 3):
 PSYoungGen      total 14336K, used 14322K [0x00000000d5580000, 0x00000000d8080000, 0x0000000100000000)
  eden space 8192K, 100% used [0x00000000d5580000,0x00000000d5d80000,0x00000000d5d80000)
  from space 6144K, 99% used [0x00000000d6c80000,0x00000000d727c978,0x00000000d7280000)
  to   space 15360K, 0% used [0x00000000d5d80000,0x00000000d5d80000,0x00000000d6c80000)
 ParOldGen       total 356864K, used 356652K [0x0000000080000000, 0x0000000095c80000, 0x00000000d5580000)
  object space 356864K, 99% used [0x0000000080000000,0x0000000095c4b128,0x0000000095c80000)
 Metaspace       used 64927K, committed 66304K, reserved 1114112K
  class space    used 7379K, committed 7936K, reserved 1048576K
}
Event: 37.598 GC heap after
{Heap after GC invocations=172 (full 3):
 PSYoungGen      total 12800K, used 4231K [0x00000000d5580000, 0x00000000d6d80000, 0x0000000100000000)
  eden space 8192K, 0% used [0x00000000d5580000,0x00000000d5580000,0x00000000d5d80000)
  from space 4608K, 91% used [0x00000000d5d80000,0x00000000d61a1fa0,0x00000000d6200000)
  to   space 8192K, 0% used [0x00000000d6580000,0x00000000d6580000,0x00000000d6d80000)
 ParOldGen       total 363008K, used 362829K [0x0000000080000000, 0x0000000096280000, 0x00000000d5580000)
  object space 363008K, 99% used [0x0000000080000000,0x0000000096253458,0x0000000096280000)
 Metaspace       used 64927K, committed 66304K, reserved 1114112K
  class space    used 7379K, committed 7936K, reserved 1048576K
}
Event: 37.667 GC heap before
{Heap before GC invocations=173 (full 3):
 PSYoungGen      total 12800K, used 12423K [0x00000000d5580000, 0x00000000d6d80000, 0x0000000100000000)
  eden space 8192K, 100% used [0x00000000d5580000,0x00000000d5d80000,0x00000000d5d80000)
  from space 4608K, 91% used [0x00000000d5d80000,0x00000000d61a1fa0,0x00000000d6200000)
  to   space 8192K, 0% used [0x00000000d6580000,0x00000000d6580000,0x00000000d6d80000)
 ParOldGen       total 363008K, used 362829K [0x0000000080000000, 0x0000000096280000, 0x00000000d5580000)
  object space 363008K, 99% used [0x0000000080000000,0x0000000096253458,0x0000000096280000)
 Metaspace       used 65402K, committed 66752K, reserved 1114112K
  class space    used 7423K, committed 8000K, reserved 1048576K
}
Event: 37.674 GC heap after
{Heap after GC invocations=173 (full 3):
 PSYoungGen      total 13824K, used 5356K [0x00000000d5580000, 0x00000000d6b00000, 0x0000000100000000)
  eden space 8192K, 0% used [0x00000000d5580000,0x00000000d5580000,0x00000000d5d80000)
  from space 5632K, 95% used [0x00000000d6580000,0x00000000d6abb368,0x00000000d6b00000)
  to   space 6144K, 0% used [0x00000000d5f00000,0x00000000d5f00000,0x00000000d6500000)
 ParOldGen       total 367104K, used 366888K [0x0000000080000000, 0x0000000096680000, 0x00000000d5580000)
  object space 367104K, 99% used [0x0000000080000000,0x000000009664a068,0x0000000096680000)
 Metaspace       used 65402K, committed 66752K, reserved 1114112K
  class space    used 7423K, committed 8000K, reserved 1048576K
}
Event: 37.782 GC heap before
{Heap before GC invocations=174 (full 3):
 PSYoungGen      total 13824K, used 13548K [0x00000000d5580000, 0x00000000d6b00000, 0x0000000100000000)
  eden space 8192K, 100% used [0x00000000d5580000,0x00000000d5d80000,0x00000000d5d80000)
  from space 5632K, 95% used [0x00000000d6580000,0x00000000d6abb368,0x00000000d6b00000)
  to   space 6144K, 0% used [0x00000000d5f00000,0x00000000d5f00000,0x00000000d6500000)
 ParOldGen       total 367104K, used 366888K [0x0000000080000000, 0x0000000096680000, 0x00000000d5580000)
  object space 367104K, 99% used [0x0000000080000000,0x000000009664a068,0x0000000096680000)
 Metaspace       used 65719K, committed 67072K, reserved 1114112K
  class space    used 7452K, committed 8064K, reserved 1048576K
}
Event: 37.787 GC heap after
{Heap after GC invocations=174 (full 3):
 PSYoungGen      total 14336K, used 6131K [0x00000000d5580000, 0x00000000d7680000, 0x0000000100000000)
  eden space 8192K, 0% used [0x00000000d5580000,0x00000000d5580000,0x00000000d5d80000)
  from space 6144K, 99% used [0x00000000d5f00000,0x00000000d64fce88,0x00000000d6500000)
  to   space 12800K, 0% used [0x00000000d6a00000,0x00000000d6a00000,0x00000000d7680000)
 ParOldGen       total 372224K, used 372145K [0x0000000080000000, 0x0000000096b80000, 0x00000000d5580000)
  object space 372224K, 99% used [0x0000000080000000,0x0000000096b6c710,0x0000000096b80000)
 Metaspace       used 65719K, committed 67072K, reserved 1114112K
  class space    used 7452K, committed 8064K, reserved 1048576K
}
Event: 37.869 GC heap before
{Heap before GC invocations=175 (full 3):
 PSYoungGen      total 14336K, used 14323K [0x00000000d5580000, 0x00000000d7680000, 0x0000000100000000)
  eden space 8192K, 99% used [0x00000000d5580000,0x00000000d5d7ffc0,0x00000000d5d80000)
  from space 6144K, 99% used [0x00000000d5f00000,0x00000000d64fce88,0x00000000d6500000)
  to   space 12800K, 0% used [0x00000000d6a00000,0x00000000d6a00000,0x00000000d7680000)
 ParOldGen       total 372224K, used 372145K [0x0000000080000000, 0x0000000096b80000, 0x00000000d5580000)
  object space 372224K, 99% used [0x0000000080000000,0x0000000096b6c710,0x0000000096b80000)
 Metaspace       used 65928K, committed 67328K, reserved 1114112K
  class space    used 7483K, committed 8128K, reserved 1048576K
}
Event: 37.880 GC heap after
{Heap after GC invocations=175 (full 3):
 PSYoungGen      total 14336K, used 14323K [0x00000000d5580000, 0x00000000d7680000, 0x0000000100000000)
  eden space 8192K, 99% used [0x00000000d5580000,0x00000000d5d7ffc0,0x00000000d5d80000)
  from space 6144K, 99% used [0x00000000d5f00000,0x00000000d64fce88,0x00000000d6500000)
  to   space 12800K, 42% used [0x00000000d6a00000,0x00000000d6f5db50,0x00000000d7680000)
 ParOldGen       total 376320K, used 376319K [0x0000000080000000, 0x0000000096f80000, 0x00000000d5580000)
  object space 376320K, 99% used [0x0000000080000000,0x0000000096f7ff58,0x0000000096f80000)
 Metaspace       used 65928K, committed 67328K, reserved 1114112K
  class space    used 7483K, committed 8128K, reserved 1048576K
}
Event: 37.880 GC heap before
{Heap before GC invocations=176 (full 4):
 PSYoungGen      total 14336K, used 14323K [0x00000000d5580000, 0x00000000d7680000, 0x0000000100000000)
  eden space 8192K, 99% used [0x00000000d5580000,0x00000000d5d7ffc0,0x00000000d5d80000)
  from space 6144K, 99% used [0x00000000d5f00000,0x00000000d64fce88,0x00000000d6500000)
  to   space 12800K, 42% used [0x00000000d6a00000,0x00000000d6f5db50,0x00000000d7680000)
 ParOldGen       total 376320K, used 376319K [0x0000000080000000, 0x0000000096f80000, 0x00000000d5580000)
  object space 376320K, 99% used [0x0000000080000000,0x0000000096f7ff58,0x0000000096f80000)
 Metaspace       used 65928K, committed 67328K, reserved 1114112K
  class space    used 7483K, committed 8128K, reserved 1048576K
}

